```C#
using System;

namespace TestApp {
    class Program {
        public static void Main(string[] args) {
            Console.WriteLine(GetTrue());
            Console.WriteLine("GetTrue called");
        }
        static bool GetTrue() {
            return true;
        }
    }
}
```

GetCodeInfo2

```
// IL not modifiied
0x0: push rbp
0x1: sub rsp, 0x30
0x5: lea rbp, [rsp + 0x30]
0xa: xor eax, eax
0xc: mov dword ptr [rbp - 4], eax
0xf: cmp dword ptr [rip - 0x1ced1e], 0
0x16: je 0x1d
0x18: call 0x5fa104e0
0x1d: nop
0x1e: mov dword ptr [rbp - 4], 1
0x25: nop
0x26: jmp 0x28
0x28: mov eax, dword ptr [rbp - 4]
0x2b: lea rsp, [rbp]
0x2f: pop rbp
0x30: ret
```

```
// IL modifiied
0x0: push rbp
0x1: sub rsp, 0x30
0x5: lea rbp, [rsp + 0x30]
0xa: xor eax, eax
0xc: mov dword ptr [rbp - 4], eax
0xf: cmp dword ptr [rip - 0x1ced1e], 0
0x16: je 0x1d
0x18: call 0x5f9f04e0
0x1d: xor eax, eax
0x1f: lea rsp, [rbp]
0x23: pop rbp
0x24: ret
```